Using pre-set license
Built from '2021.3/staging' branch; Version is '2021.3.23f1 (213b516bf396) revision 2177873'; Using compiler version '192829333'; Build Type 'Release'
OS: 'Windows 10  (10.0.19045) 64bit Education' Language: 'ko' Physical Memory: 32678 MB
BatchMode: 1, IsHumanControllingUs: 0, StartBugReporterOnCrash: 0, Is64bit: 1, IsPro: 1

COMMAND LINE ARGUMENTS:
C:\Program Files\Unity\Hub\Editor\2021.3.23f1\Editor\Unity.exe
-adb2
-batchMode
-noUpm
-name
AssetImportWorker5
-projectPath
D:/BrokenBlade/BB_1
-logFile
Logs/AssetImportWorker5.log
-srvPort
12959
Successfully changed project path to: D:/BrokenBlade/BB_1
D:/BrokenBlade/BB_1
[UnityMemory] Configuration Parameters - Can be set up in boot.config
    "memorysetup-bucket-allocator-granularity=16"
    "memorysetup-bucket-allocator-bucket-count=8"
    "memorysetup-bucket-allocator-block-size=33554432"
    "memorysetup-bucket-allocator-block-count=8"
    "memorysetup-main-allocator-block-size=16777216"
    "memorysetup-thread-allocator-block-size=16777216"
    "memorysetup-gfx-main-allocator-block-size=16777216"
    "memorysetup-gfx-thread-allocator-block-size=16777216"
    "memorysetup-cache-allocator-block-size=4194304"
    "memorysetup-typetree-allocator-block-size=2097152"
    "memorysetup-profiler-bucket-allocator-granularity=16"
    "memorysetup-profiler-bucket-allocator-bucket-count=8"
    "memorysetup-profiler-bucket-allocator-block-size=33554432"
    "memorysetup-profiler-bucket-allocator-block-count=8"
    "memorysetup-profiler-allocator-block-size=16777216"
    "memorysetup-profiler-editor-allocator-block-size=1048576"
    "memorysetup-temp-allocator-size-main=16777216"
    "memorysetup-job-temp-allocator-block-size=2097152"
    "memorysetup-job-temp-allocator-block-size-background=1048576"
    "memorysetup-job-temp-allocator-reduction-small-platforms=262144"
    "memorysetup-temp-allocator-size-background-worker=32768"
    "memorysetup-temp-allocator-size-job-worker=262144"
    "memorysetup-temp-allocator-size-preload-manager=33554432"
    "memorysetup-temp-allocator-size-nav-mesh-worker=65536"
    "memorysetup-temp-allocator-size-audio-worker=65536"
    "memorysetup-temp-allocator-size-cloud-worker=32768"
    "memorysetup-temp-allocator-size-gi-baking-worker=262144"
    "memorysetup-temp-allocator-size-gfx=262144"
Player connection [40028] Host "[IP] 192.168.0.103 [Port] 0 [Flags] 2 [Guid] 1988034681 [EditorId] 1988034681 [Version] 1048832 [Id] WindowsEditor(7,DESKTOP-763L3T0) [Debug] 1 [PackageName] WindowsEditor [ProjectName] Editor" joined multi-casting on [225.0.0.222:54997]...

Player connection [40028] Host "[IP] 192.168.0.103 [Port] 0 [Flags] 2 [Guid] 1988034681 [EditorId] 1988034681 [Version] 1048832 [Id] WindowsEditor(7,DESKTOP-763L3T0) [Debug] 1 [PackageName] WindowsEditor [ProjectName] Editor" joined alternative multi-casting on [225.0.0.222:34997]...

Refreshing native plugins compatible for Editor in 77.48 ms, found 3 plugins.
Preloading 0 native plugins for Editor in 0.00 ms.
Initialize engine version: 2021.3.23f1 (213b516bf396)
[Subsystems] Discovering subsystems at path C:/Program Files/Unity/Hub/Editor/2021.3.23f1/Editor/Data/Resources/UnitySubsystems
[Subsystems] Discovering subsystems at path D:/BrokenBlade/BB_1/Assets
GfxDevice: creating device client; threaded=0; jobified=0
Direct3D:
    Version:  Direct3D 11.0 [level 11.1]
    Renderer: NVIDIA GeForce RTX 2070 SUPER (ID=0x1e84)
    Vendor:   NVIDIA
    VRAM:     8003 MB
    Driver:   31.0.15.3623
Initialize mono
Mono path[0] = 'C:/Program Files/Unity/Hub/Editor/2021.3.23f1/Editor/Data/Managed'
Mono path[1] = 'C:/Program Files/Unity/Hub/Editor/2021.3.23f1/Editor/Data/MonoBleedingEdge/lib/mono/unityjit-win32'
Mono config path = 'C:/Program Files/Unity/Hub/Editor/2021.3.23f1/Editor/Data/MonoBleedingEdge/etc'
Using monoOptions --debugger-agent=transport=dt_socket,embedding=1,server=y,suspend=n,address=127.0.0.1:56492
Begin MonoManager ReloadAssembly
Registering precompiled unity dll's ...
Register platform support module: C:/Program Files/Unity/Hub/Editor/2021.3.23f1/Editor/Data/PlaybackEngines/AndroidPlayer/UnityEditor.Android.Extensions.dll
Register platform support module: C:/Program Files/Unity/Hub/Editor/2021.3.23f1/Editor/Data/PlaybackEngines/WindowsStandaloneSupport/UnityEditor.WindowsStandalone.Extensions.dll
Registered in 0.014131 seconds.
Native extension for WindowsStandalone target not found
Native extension for Android target not found
Android Extension - Scanning For ADB Devices 322 ms
Refreshing native plugins compatible for Editor in 77.20 ms, found 3 plugins.
Preloading 0 native plugins for Editor in 0.00 ms.
Mono: successfully reloaded assembly
- Completed reload, in  0.944 seconds
Domain Reload Profiling:
	ReloadAssembly (944ms)
		BeginReloadAssembly (86ms)
			ExecutionOrderSort (0ms)
			DisableScriptedObjects (0ms)
			BackupInstance (0ms)
			ReleaseScriptingObjects (0ms)
			CreateAndSetChildDomain (1ms)
		EndReloadAssembly (739ms)
			LoadAssemblies (82ms)
			RebuildTransferFunctionScriptingTraits (0ms)
			SetupTypeCache (98ms)
			ReleaseScriptCaches (0ms)
			RebuildScriptCaches (23ms)
			SetupLoadedEditorAssemblies (570ms)
				LogAssemblyErrors (0ms)
				InitializePlatformSupportModulesInManaged (380ms)
				SetLoadedEditorAssemblies (0ms)
				RefreshPlugins (77ms)
				BeforeProcessingInitializeOnLoad (1ms)
				ProcessInitializeOnLoadAttributes (74ms)
				ProcessInitializeOnLoadMethodAttributes (37ms)
				AfterProcessingInitializeOnLoad (0ms)
				EditorAssembliesLoaded (0ms)
			ExecutionOrderSort2 (0ms)
			AwakeInstancesAfterBackupRestoration (0ms)
Platform modules already initialized, skipping
Registering precompiled user dll's ...
Registered in 0.004049 seconds.
Begin MonoManager ReloadAssembly
Symbol file LoadedFromMemory doesn't match image D:\BrokenBlade\BB_1\Library\PackageCache\com.unity.visualscripting@1.8.0\Editor\VisualScripting.Core\Dependencies\YamlDotNet\Unity.VisualScripting.YamlDotNet.dll
Symbol file LoadedFromMemory doesn't match image D:\BrokenBlade\BB_1\Library\PackageCache\com.unity.visualscripting@1.8.0\Editor\VisualScripting.Core\Dependencies\DotNetZip\Unity.VisualScripting.IonicZip.dll
Native extension for WindowsStandalone target not found
Native extension for Android target not found
Refreshing native plugins compatible for Editor in 85.22 ms, found 3 plugins.
Preloading 0 native plugins for Editor in 0.00 ms.
Mono: successfully reloaded assembly
- Completed reload, in  1.086 seconds
Domain Reload Profiling:
	ReloadAssembly (1087ms)
		BeginReloadAssembly (118ms)
			ExecutionOrderSort (0ms)
			DisableScriptedObjects (5ms)
			BackupInstance (0ms)
			ReleaseScriptingObjects (0ms)
			CreateAndSetChildDomain (17ms)
		EndReloadAssembly (864ms)
			LoadAssemblies (89ms)
			RebuildTransferFunctionScriptingTraits (0ms)
			SetupTypeCache (251ms)
			ReleaseScriptCaches (1ms)
			RebuildScriptCaches (50ms)
			SetupLoadedEditorAssemblies (449ms)
				LogAssemblyErrors (0ms)
				InitializePlatformSupportModulesInManaged (17ms)
				SetLoadedEditorAssemblies (0ms)
				RefreshPlugins (85ms)
				BeforeProcessingInitializeOnLoad (86ms)
				ProcessInitializeOnLoadAttributes (233ms)
				ProcessInitializeOnLoadMethodAttributes (14ms)
				AfterProcessingInitializeOnLoad (13ms)
				EditorAssembliesLoaded (0ms)
			ExecutionOrderSort2 (0ms)
			AwakeInstancesAfterBackupRestoration (6ms)
Platform modules already initialized, skipping
========================================================================
Worker process is ready to serve import requests
Launched and connected shader compiler UnityShaderCompiler.exe after 0.04 seconds
Refreshing native plugins compatible for Editor in 0.60 ms, found 3 plugins.
Preloading 0 native plugins for Editor in 0.00 ms.
Unloading 3395 Unused Serialized files (Serialized files now loaded: 0)
Unloading 27 unused Assets / (114.0 KB). Loaded Objects now: 3864.
Memory consumption went from 127.1 MB to 126.9 MB.
Total: 3.930500 ms (FindLiveObjects: 0.430400 ms CreateObjectMapping: 0.104200 ms MarkObjects: 3.249300 ms  DeleteObjects: 0.145300 ms)

AssetImportParameters requested are different than current active one (requested -> active):
  custom:video-decoder-ogg-theora: a1e56fd34408186e4bbccfd4996cb3dc -> 
  custom:container-muxer-webm: aa71ff27fc2769a1b78a27578f13a17b -> 
  custom:container-demuxer-webm: 4f35f7cbe854078d1ac9338744f61a02 -> 
  custom:video-encoder-webm-vp8: eb34c28f22e8b96e1ab97ce403110664 -> 
  custom:audio-encoder-webm-vorbis: bf7c407c2cedff20999df2af8eb42d56 -> 
  custom:framework-win-MediaFoundation: 216162199b28c13a410421893ffa2e32 -> 
  custom:container-demuxer-ogg: 62fdf1f143b41e24485cea50d1cbac27 -> 
  custom:video-decoder-webm-vp8: 9c59270c3fd7afecdb556c50c9e8de78 -> 
  custom:audio-decoder-ogg-vorbis: bf7c407c2cedff20999df2af8eb42d56 -> 
========================================================================
Received Import Request.
  Time since last request: 1138263.599757 seconds.
  path: Assets/Animation/Materials/low_2_E_BaseColor.mat
  artifactKey: Guid(c6a997eda872f2a45a46a90332a89077) Importer(815301076,1909f56bfc062723c751e8b465ee728b)
Start importing Assets/Animation/Materials/low_2_E_BaseColor.mat using Guid(c6a997eda872f2a45a46a90332a89077) Importer(815301076,1909f56bfc062723c751e8b465ee728b)  -> (artifact id: 'cf5a913a53c967abd290c0c092c80fb4') in 0.107149 seconds 
========================================================================
Received Import Request.
  Time since last request: 172.070705 seconds.
  path: Assets/Animation/cloth_B_BaseColor.png
  artifactKey: Guid(07df84d1b5e4ac147b9a9ecb2a8f911a) Importer(815301076,1909f56bfc062723c751e8b465ee728b)
Start importing Assets/Animation/cloth_B_BaseColor.png using Guid(07df84d1b5e4ac147b9a9ecb2a8f911a) Importer(815301076,1909f56bfc062723c751e8b465ee728b)  -> (artifact id: '113414137dae08c230649d3ce504be44') in 0.018208 seconds 
========================================================================
Received Import Request.
  Time since last request: 0.000021 seconds.
  path: Assets/Animation/low_2_C_BaseColor.png
  artifactKey: Guid(ad9528a20ee0caf46b495079d0fb2169) Importer(815301076,1909f56bfc062723c751e8b465ee728b)
Start importing Assets/Animation/low_2_C_BaseColor.png using Guid(ad9528a20ee0caf46b495079d0fb2169) Importer(815301076,1909f56bfc062723c751e8b465ee728b)  -> (artifact id: '517462a551060bb14ddd9ccf59007ed9') in 0.011866 seconds 
========================================================================
Received Import Request.
  Time since last request: 0.000021 seconds.
  path: Assets/Animation/low_2_E_BaseColor.png
  artifactKey: Guid(8a2383ce703d77c45aa806a5aaa351fd) Importer(815301076,1909f56bfc062723c751e8b465ee728b)
Start importing Assets/Animation/low_2_E_BaseColor.png using Guid(8a2383ce703d77c45aa806a5aaa351fd) Importer(815301076,1909f56bfc062723c751e8b465ee728b)  -> (artifact id: '08f09a4bc7d3e965e15152aaf44b75e9') in 0.007379 seconds 
========================================================================
Received Import Request.
  Time since last request: 0.000017 seconds.
  path: Assets/Animation/low_2_A_BaseColor.png
  artifactKey: Guid(89fd7372632ad2646b880a16f88d1f8c) Importer(815301076,1909f56bfc062723c751e8b465ee728b)
Start importing Assets/Animation/low_2_A_BaseColor.png using Guid(89fd7372632ad2646b880a16f88d1f8c) Importer(815301076,1909f56bfc062723c751e8b465ee728b)  -> (artifact id: 'bbde85d522bff6e5c831eceb92cb36c2') in 0.011452 seconds 
========================================================================
Received Import Request.
  Time since last request: 0.000025 seconds.
  path: Assets/Animation/cloth_B_Normal.png
  artifactKey: Guid(1b6b4023e8d130249916e86aa314f5e5) Importer(815301076,1909f56bfc062723c751e8b465ee728b)
Start importing Assets/Animation/cloth_B_Normal.png using Guid(1b6b4023e8d130249916e86aa314f5e5) Importer(815301076,1909f56bfc062723c751e8b465ee728b)  -> (artifact id: '8ba27f80e595ebeddafe8c0390da46d5') in 0.012835 seconds 
========================================================================
Received Import Request.
  Time since last request: 3.938829 seconds.
  path: Assets/Animation/A.mat
  artifactKey: Guid(576e4e23f3d7b1d419a78a331d35f4c9) Importer(815301076,1909f56bfc062723c751e8b465ee728b)
Start importing Assets/Animation/A.mat using Guid(576e4e23f3d7b1d419a78a331d35f4c9) Importer(815301076,1909f56bfc062723c751e8b465ee728b)  -> (artifact id: '51f63fa205141e849df5683623b701e7') in 0.012498 seconds 
========================================================================
Received Import Request.
  Time since last request: 0.000024 seconds.
  path: Assets/Animation/E.mat
  artifactKey: Guid(155149b3d10549344ab44d16897aa634) Importer(815301076,1909f56bfc062723c751e8b465ee728b)
Start importing Assets/Animation/E.mat using Guid(155149b3d10549344ab44d16897aa634) Importer(815301076,1909f56bfc062723c751e8b465ee728b)  -> (artifact id: 'bab1ebed16fb7395f06ad30902523c1f') in 0.012073 seconds 
Editor requested this worker to shutdown with reason: Scaling down because of idle timeout
AssetImportWorker is now disconnected from the server
Process exiting
Exiting without the bug reporter. Application will terminate with return code 0