Using pre-set license
Built from '2021.3/staging' branch; Version is '2021.3.23f1 (213b516bf396) revision 2177873'; Using compiler version '192829333'; Build Type 'Release'
OS: 'Windows 10  (10.0.19045) 64bit Education' Language: 'ko' Physical Memory: 32678 MB
BatchMode: 1, IsHumanControllingUs: 0, StartBugReporterOnCrash: 0, Is64bit: 1, IsPro: 1

COMMAND LINE ARGUMENTS:
C:\Program Files\Unity\Hub\Editor\2021.3.23f1\Editor\Unity.exe
-adb2
-batchMode
-noUpm
-name
AssetImportWorker4
-projectPath
D:/BrokenBlade/BB_1
-logFile
Logs/AssetImportWorker4.log
-srvPort
11120
Successfully changed project path to: D:/BrokenBlade/BB_1
D:/BrokenBlade/BB_1
[UnityMemory] Configuration Parameters - Can be set up in boot.config
    "memorysetup-bucket-allocator-granularity=16"
    "memorysetup-bucket-allocator-bucket-count=8"
    "memorysetup-bucket-allocator-block-size=33554432"
    "memorysetup-bucket-allocator-block-count=8"
    "memorysetup-main-allocator-block-size=16777216"
    "memorysetup-thread-allocator-block-size=16777216"
    "memorysetup-gfx-main-allocator-block-size=16777216"
    "memorysetup-gfx-thread-allocator-block-size=16777216"
    "memorysetup-cache-allocator-block-size=4194304"
    "memorysetup-typetree-allocator-block-size=2097152"
    "memorysetup-profiler-bucket-allocator-granularity=16"
    "memorysetup-profiler-bucket-allocator-bucket-count=8"
    "memorysetup-profiler-bucket-allocator-block-size=33554432"
    "memorysetup-profiler-bucket-allocator-block-count=8"
    "memorysetup-profiler-allocator-block-size=16777216"
    "memorysetup-profiler-editor-allocator-block-size=1048576"
    "memorysetup-temp-allocator-size-main=16777216"
    "memorysetup-job-temp-allocator-block-size=2097152"
    "memorysetup-job-temp-allocator-block-size-background=1048576"
    "memorysetup-job-temp-allocator-reduction-small-platforms=262144"
    "memorysetup-temp-allocator-size-background-worker=32768"
    "memorysetup-temp-allocator-size-job-worker=262144"
    "memorysetup-temp-allocator-size-preload-manager=33554432"
    "memorysetup-temp-allocator-size-nav-mesh-worker=65536"
    "memorysetup-temp-allocator-size-audio-worker=65536"
    "memorysetup-temp-allocator-size-cloud-worker=32768"
    "memorysetup-temp-allocator-size-gi-baking-worker=262144"
    "memorysetup-temp-allocator-size-gfx=262144"
Player connection [26876] Host "[IP] 192.168.0.103 [Port] 0 [Flags] 2 [Guid] 3566247574 [EditorId] 3566247574 [Version] 1048832 [Id] WindowsEditor(7,DESKTOP-763L3T0) [Debug] 1 [PackageName] WindowsEditor [ProjectName] Editor" joined multi-casting on [225.0.0.222:54997]...

Player connection [26876] Host "[IP] 192.168.0.103 [Port] 0 [Flags] 2 [Guid] 3566247574 [EditorId] 3566247574 [Version] 1048832 [Id] WindowsEditor(7,DESKTOP-763L3T0) [Debug] 1 [PackageName] WindowsEditor [ProjectName] Editor" joined alternative multi-casting on [225.0.0.222:34997]...

Refreshing native plugins compatible for Editor in 88.86 ms, found 3 plugins.
Preloading 0 native plugins for Editor in 0.00 ms.
Initialize engine version: 2021.3.23f1 (213b516bf396)
[Subsystems] Discovering subsystems at path C:/Program Files/Unity/Hub/Editor/2021.3.23f1/Editor/Data/Resources/UnitySubsystems
[Subsystems] Discovering subsystems at path D:/BrokenBlade/BB_1/Assets
GfxDevice: creating device client; threaded=0; jobified=0
Direct3D:
    Version:  Direct3D 11.0 [level 11.1]
    Renderer: NVIDIA GeForce RTX 2070 SUPER (ID=0x1e84)
    Vendor:   NVIDIA
    VRAM:     8003 MB
    Driver:   31.0.15.3623
Initialize mono
Mono path[0] = 'C:/Program Files/Unity/Hub/Editor/2021.3.23f1/Editor/Data/Managed'
Mono path[1] = 'C:/Program Files/Unity/Hub/Editor/2021.3.23f1/Editor/Data/MonoBleedingEdge/lib/mono/unityjit-win32'
Mono config path = 'C:/Program Files/Unity/Hub/Editor/2021.3.23f1/Editor/Data/MonoBleedingEdge/etc'
Using monoOptions --debugger-agent=transport=dt_socket,embedding=1,server=y,suspend=n,address=127.0.0.1:56568
Begin MonoManager ReloadAssembly
Registering precompiled unity dll's ...
Register platform support module: C:/Program Files/Unity/Hub/Editor/2021.3.23f1/Editor/Data/PlaybackEngines/AndroidPlayer/UnityEditor.Android.Extensions.dll
Register platform support module: C:/Program Files/Unity/Hub/Editor/2021.3.23f1/Editor/Data/PlaybackEngines/WindowsStandaloneSupport/UnityEditor.WindowsStandalone.Extensions.dll
Registered in 0.011247 seconds.
Native extension for WindowsStandalone target not found
Native extension for Android target not found
Android Extension - Scanning For ADB Devices 282 ms
Refreshing native plugins compatible for Editor in 85.84 ms, found 3 plugins.
Preloading 0 native plugins for Editor in 0.00 ms.
Mono: successfully reloaded assembly
- Completed reload, in  0.934 seconds
Domain Reload Profiling:
	ReloadAssembly (935ms)
		BeginReloadAssembly (83ms)
			ExecutionOrderSort (0ms)
			DisableScriptedObjects (0ms)
			BackupInstance (0ms)
			ReleaseScriptingObjects (0ms)
			CreateAndSetChildDomain (1ms)
		EndReloadAssembly (740ms)
			LoadAssemblies (80ms)
			RebuildTransferFunctionScriptingTraits (0ms)
			SetupTypeCache (111ms)
			ReleaseScriptCaches (0ms)
			RebuildScriptCaches (24ms)
			SetupLoadedEditorAssemblies (557ms)
				LogAssemblyErrors (0ms)
				InitializePlatformSupportModulesInManaged (345ms)
				SetLoadedEditorAssemblies (0ms)
				RefreshPlugins (86ms)
				BeforeProcessingInitializeOnLoad (1ms)
				ProcessInitializeOnLoadAttributes (84ms)
				ProcessInitializeOnLoadMethodAttributes (40ms)
				AfterProcessingInitializeOnLoad (0ms)
				EditorAssembliesLoaded (0ms)
			ExecutionOrderSort2 (0ms)
			AwakeInstancesAfterBackupRestoration (0ms)
Platform modules already initialized, skipping
Registering precompiled user dll's ...
Registered in 0.004101 seconds.
Begin MonoManager ReloadAssembly
Symbol file LoadedFromMemory doesn't match image D:\BrokenBlade\BB_1\Library\PackageCache\com.unity.visualscripting@1.8.0\Editor\VisualScripting.Core\Dependencies\YamlDotNet\Unity.VisualScripting.YamlDotNet.dll
Symbol file LoadedFromMemory doesn't match image D:\BrokenBlade\BB_1\Library\PackageCache\com.unity.visualscripting@1.8.0\Editor\VisualScripting.Core\Dependencies\DotNetZip\Unity.VisualScripting.IonicZip.dll
Native extension for WindowsStandalone target not found
Native extension for Android target not found
Refreshing native plugins compatible for Editor in 85.88 ms, found 3 plugins.
Preloading 0 native plugins for Editor in 0.00 ms.
Mono: successfully reloaded assembly
- Completed reload, in  1.142 seconds
Domain Reload Profiling:
	ReloadAssembly (1143ms)
		BeginReloadAssembly (124ms)
			ExecutionOrderSort (0ms)
			DisableScriptedObjects (5ms)
			BackupInstance (0ms)
			ReleaseScriptingObjects (0ms)
			CreateAndSetChildDomain (17ms)
		EndReloadAssembly (907ms)
			LoadAssemblies (94ms)
			RebuildTransferFunctionScriptingTraits (0ms)
			SetupTypeCache (273ms)
			ReleaseScriptCaches (1ms)
			RebuildScriptCaches (47ms)
			SetupLoadedEditorAssemblies (473ms)
				LogAssemblyErrors (0ms)
				InitializePlatformSupportModulesInManaged (18ms)
				SetLoadedEditorAssemblies (0ms)
				RefreshPlugins (86ms)
				BeforeProcessingInitializeOnLoad (88ms)
				ProcessInitializeOnLoadAttributes (252ms)
				ProcessInitializeOnLoadMethodAttributes (14ms)
				AfterProcessingInitializeOnLoad (14ms)
				EditorAssembliesLoaded (0ms)
			ExecutionOrderSort2 (0ms)
			AwakeInstancesAfterBackupRestoration (6ms)
Platform modules already initialized, skipping
========================================================================
Worker process is ready to serve import requests
Launched and connected shader compiler UnityShaderCompiler.exe after 0.04 seconds
Refreshing native plugins compatible for Editor in 0.58 ms, found 3 plugins.
Preloading 0 native plugins for Editor in 0.00 ms.
Unloading 3395 Unused Serialized files (Serialized files now loaded: 0)
Unloading 27 unused Assets / (113.8 KB). Loaded Objects now: 3861.
Memory consumption went from 126.3 MB to 126.2 MB.
Total: 2.693300 ms (FindLiveObjects: 0.277600 ms CreateObjectMapping: 0.086000 ms MarkObjects: 2.228800 ms  DeleteObjects: 0.100200 ms)

AssetImportParameters requested are different than current active one (requested -> active):
  custom:video-decoder-ogg-theora: a1e56fd34408186e4bbccfd4996cb3dc -> 
  custom:container-muxer-webm: aa71ff27fc2769a1b78a27578f13a17b -> 
  custom:container-demuxer-webm: 4f35f7cbe854078d1ac9338744f61a02 -> 
  custom:video-encoder-webm-vp8: eb34c28f22e8b96e1ab97ce403110664 -> 
  custom:audio-encoder-webm-vorbis: bf7c407c2cedff20999df2af8eb42d56 -> 
  custom:framework-win-MediaFoundation: 216162199b28c13a410421893ffa2e32 -> 
  custom:container-demuxer-ogg: 62fdf1f143b41e24485cea50d1cbac27 -> 
  custom:video-decoder-webm-vp8: 9c59270c3fd7afecdb556c50c9e8de78 -> 
  custom:audio-decoder-ogg-vorbis: bf7c407c2cedff20999df2af8eb42d56 -> 
========================================================================
Received Import Request.
  Time since last request: 1129241.683563 seconds.
  path: Assets/3D Model/Excalibur/Blade.mat
  artifactKey: Guid(e064a4356906d574b9ffc5f6e43d76de) Importer(815301076,1909f56bfc062723c751e8b465ee728b)
Start importing Assets/3D Model/Excalibur/Blade.mat using Guid(e064a4356906d574b9ffc5f6e43d76de) Importer(815301076,1909f56bfc062723c751e8b465ee728b)  -> (artifact id: 'a84007c99340a019a1aa8bd4c32eb7c8') in 0.096723 seconds 
========================================================================
Received Import Request.
  Time since last request: 31.899444 seconds.
  path: Assets/3D Model/A
  artifactKey: Guid(9cc405ac50672cd4bbe6f8d632e0d301) Importer(815301076,1909f56bfc062723c751e8b465ee728b)
Start importing Assets/3D Model/A using Guid(9cc405ac50672cd4bbe6f8d632e0d301) Importer(815301076,1909f56bfc062723c751e8b465ee728b)  -> (artifact id: '4016a0df29a5d7084a20347eb490e4bc') in 0.007449 seconds 
========================================================================
Received Import Request.
  Time since last request: 7.305056 seconds.
  path: Assets/3D Model/Artorias_Sword
  artifactKey: Guid(9cc405ac50672cd4bbe6f8d632e0d301) Importer(815301076,1909f56bfc062723c751e8b465ee728b)
Start importing Assets/3D Model/Artorias_Sword using Guid(9cc405ac50672cd4bbe6f8d632e0d301) Importer(815301076,1909f56bfc062723c751e8b465ee728b)  -> (artifact id: 'ed17d140a40b79307f84f33aafdbd4c2') in 0.006518 seconds 
========================================================================
Received Import Request.
  Time since last request: 8.175694 seconds.
  path: Assets/3D Model/Artorias_Sword/Artorias_Sword.fbx
  artifactKey: Guid(057c57be1a9f28c459e4684847ce0240) Importer(815301076,1909f56bfc062723c751e8b465ee728b)
Start importing Assets/3D Model/Artorias_Sword/Artorias_Sword.fbx using Guid(057c57be1a9f28c459e4684847ce0240) Importer(815301076,1909f56bfc062723c751e8b465ee728b)  -> (artifact id: '66f6d668ac4490a7de778a89c083e871') in 0.040482 seconds 
========================================================================
Received Import Request.
  Time since last request: 0.000022 seconds.
  path: Assets/3D Model/Artorias_Sword/Sword_roughness.jpg
  artifactKey: Guid(d09ec6422c8b3b64d9ae35cd258ad109) Importer(815301076,1909f56bfc062723c751e8b465ee728b)
Start importing Assets/3D Model/Artorias_Sword/Sword_roughness.jpg using Guid(d09ec6422c8b3b64d9ae35cd258ad109) Importer(815301076,1909f56bfc062723c751e8b465ee728b)  -> (artifact id: '2e559546d6581cbba6bd5a4ebebbc547') in 0.026716 seconds 
========================================================================
Received Import Request.
  Time since last request: 92.233365 seconds.
  path: Assets/3D Model/Artorias_Sword/Artorias_Sword 1.fbx
  artifactKey: Guid(aca14c14e59d2e34bacb9cfaafbd2611) Importer(815301076,1909f56bfc062723c751e8b465ee728b)
Start importing Assets/3D Model/Artorias_Sword/Artorias_Sword 1.fbx using Guid(aca14c14e59d2e34bacb9cfaafbd2611) Importer(815301076,1909f56bfc062723c751e8b465ee728b)  -> (artifact id: '00a1edbd2a27d9e25fbed1809eac93ea') in 0.012523 seconds 
========================================================================
Received Import Request.
  Time since last request: 12.312382 seconds.
  path: Assets/3D Model/Artorias_Sword/Materials
  artifactKey: Guid(c39e27598c4f06d438d796ec4cec9473) Importer(815301076,1909f56bfc062723c751e8b465ee728b)
Start importing Assets/3D Model/Artorias_Sword/Materials using Guid(c39e27598c4f06d438d796ec4cec9473) Importer(815301076,1909f56bfc062723c751e8b465ee728b)  -> (artifact id: '1d9ce7cc0e269de5a498d575d37b1a70') in 0.006020 seconds 
========================================================================
Received Import Request.
  Time since last request: 0.036215 seconds.
  path: Assets/3D Model/Artorias_Sword/Materials/Sword_albedo.mat
  artifactKey: Guid(a4d35349d2efa204eb1a1798129c3987) Importer(815301076,1909f56bfc062723c751e8b465ee728b)
Start importing Assets/3D Model/Artorias_Sword/Materials/Sword_albedo.mat using Guid(a4d35349d2efa204eb1a1798129c3987) Importer(815301076,1909f56bfc062723c751e8b465ee728b)  -> (artifact id: 'fdb466fbc78285b5a70e3cea08ac0755') in 0.009501 seconds 
========================================================================
Received Import Request.
  Time since last request: 0.000025 seconds.
  path: Assets/3D Model/Artorias_Sword/Materials/Sword_normal.mat
  artifactKey: Guid(cd128a227a978134e9be686198f38529) Importer(815301076,1909f56bfc062723c751e8b465ee728b)
Start importing Assets/3D Model/Artorias_Sword/Materials/Sword_normal.mat using Guid(cd128a227a978134e9be686198f38529) Importer(815301076,1909f56bfc062723c751e8b465ee728b)  -> (artifact id: '0b8cc0dbcdbb947a15763451492690b0') in 0.010094 seconds 
========================================================================
Received Import Request.
  Time since last request: 0.000020 seconds.
  path: Assets/3D Model/Artorias_Sword/Materials/Sword_roughness.mat
  artifactKey: Guid(f224dab2c0193424a973129b8d616497) Importer(815301076,1909f56bfc062723c751e8b465ee728b)
Start importing Assets/3D Model/Artorias_Sword/Materials/Sword_roughness.mat using Guid(f224dab2c0193424a973129b8d616497) Importer(815301076,1909f56bfc062723c751e8b465ee728b)  -> (artifact id: 'cbf6254b5cf10365dbca973f589a11d2') in 0.010635 seconds 
========================================================================
Received Import Request.
  Time since last request: 14.395815 seconds.
  path: Assets/3D Model/Sword
  artifactKey: Guid(faec60855a894b14cb13930a39a12890) Importer(815301076,1909f56bfc062723c751e8b465ee728b)
Start importing Assets/3D Model/Sword using Guid(faec60855a894b14cb13930a39a12890) Importer(815301076,1909f56bfc062723c751e8b465ee728b)  -> (artifact id: 'd49251ffffd00fcf6d56f10d94220707') in 0.006482 seconds 
========================================================================
Received Import Request.
  Time since last request: 4.786659 seconds.
  path: Assets/3D Model/Sword/Artorias_Sword.obj
  artifactKey: Guid(7dbc846c7ef3c724aa16f4e4c9c2c599) Importer(815301076,1909f56bfc062723c751e8b465ee728b)
Start importing Assets/3D Model/Sword/Artorias_Sword.obj using Guid(7dbc846c7ef3c724aa16f4e4c9c2c599) Importer(815301076,1909f56bfc062723c751e8b465ee728b)  -> (artifact id: '5efec88d5fc4cd984e1096e3623befc6') in 0.018962 seconds 
========================================================================
Received Import Request.
  Time since last request: 41.545689 seconds.
  path: Assets/3D Model/Sword/Sword_albedo.jpg
  artifactKey: Guid(5f1b83d7eff3885458e51077d9c1b7d2) Importer(815301076,1909f56bfc062723c751e8b465ee728b)
Start importing Assets/3D Model/Sword/Sword_albedo.jpg using Guid(5f1b83d7eff3885458e51077d9c1b7d2) Importer(815301076,1909f56bfc062723c751e8b465ee728b)  -> (artifact id: 'faadc1522b7980a240809d1db374c832') in 0.012067 seconds 
========================================================================
Received Prepare
Registering precompiled user dll's ...
Registered in 0.004188 seconds.
Begin MonoManager ReloadAssembly
Symbol file LoadedFromMemory doesn't match image D:\BrokenBlade\BB_1\Library\PackageCache\com.unity.visualscripting@1.8.0\Editor\VisualScripting.Core\Dependencies\YamlDotNet\Unity.VisualScripting.YamlDotNet.dll
Symbol file LoadedFromMemory doesn't match image D:\BrokenBlade\BB_1\Library\PackageCache\com.unity.visualscripting@1.8.0\Editor\VisualScripting.Core\Dependencies\DotNetZip\Unity.VisualScripting.IonicZip.dll
Native extension for WindowsStandalone target not found
Native extension for Android target not found
Refreshing native plugins compatible for Editor in 0.59 ms, found 3 plugins.
Preloading 0 native plugins for Editor in 0.00 ms.
Mono: successfully reloaded assembly
- Completed reload, in  0.991 seconds
Domain Reload Profiling:
	ReloadAssembly (992ms)
		BeginReloadAssembly (137ms)
			ExecutionOrderSort (0ms)
			DisableScriptedObjects (4ms)
			BackupInstance (0ms)
			ReleaseScriptingObjects (0ms)
			CreateAndSetChildDomain (29ms)
		EndReloadAssembly (746ms)
			LoadAssemblies (87ms)
			RebuildTransferFunctionScriptingTraits (0ms)
			SetupTypeCache (244ms)
			ReleaseScriptCaches (1ms)
			RebuildScriptCaches (35ms)
			SetupLoadedEditorAssemblies (344ms)
				LogAssemblyErrors (0ms)
				InitializePlatformSupportModulesInManaged (21ms)
				SetLoadedEditorAssemblies (0ms)
				RefreshPlugins (1ms)
				BeforeProcessingInitializeOnLoad (65ms)
				ProcessInitializeOnLoadAttributes (224ms)
				ProcessInitializeOnLoadMethodAttributes (18ms)
				AfterProcessingInitializeOnLoad (15ms)
				EditorAssembliesLoaded (0ms)
			ExecutionOrderSort2 (0ms)
			AwakeInstancesAfterBackupRestoration (6ms)
Platform modules already initialized, skipping
Refreshing native plugins compatible for Editor in 1.64 ms, found 3 plugins.
Preloading 0 native plugins for Editor in 0.00 ms.
Unloading 3390 Unused Serialized files (Serialized files now loaded: 0)
Unloading 18 unused Assets / (80.3 KB). Loaded Objects now: 3911.
Memory consumption went from 130.8 MB to 130.8 MB.
Total: 2.864400 ms (FindLiveObjects: 0.290800 ms CreateObjectMapping: 0.079000 ms MarkObjects: 2.414600 ms  DeleteObjects: 0.079100 ms)

AssetImportParameters requested are different than current active one (requested -> active):
  custom:video-decoder-ogg-theora: a1e56fd34408186e4bbccfd4996cb3dc -> 
  custom:container-muxer-webm: aa71ff27fc2769a1b78a27578f13a17b -> 
  custom:container-demuxer-webm: 4f35f7cbe854078d1ac9338744f61a02 -> 
  custom:video-encoder-webm-vp8: eb34c28f22e8b96e1ab97ce403110664 -> 
  custom:audio-encoder-webm-vorbis: bf7c407c2cedff20999df2af8eb42d56 -> 
  custom:framework-win-MediaFoundation: 216162199b28c13a410421893ffa2e32 -> 
  custom:container-demuxer-ogg: 62fdf1f143b41e24485cea50d1cbac27 -> 
  custom:video-decoder-webm-vp8: 9c59270c3fd7afecdb556c50c9e8de78 -> 
  custom:audio-decoder-ogg-vorbis: bf7c407c2cedff20999df2af8eb42d56 -> 
========================================================================
Received Import Request.
  Time since last request: 1364.601210 seconds.
  path: Assets/Character Model
  artifactKey: Guid(2b5662a1f408054428d0b6397d4f33b0) Importer(815301076,1909f56bfc062723c751e8b465ee728b)
Start importing Assets/Character Model using Guid(2b5662a1f408054428d0b6397d4f33b0) Importer(815301076,1909f56bfc062723c751e8b465ee728b)  -> (artifact id: '9c10d65bb75c52c3960212efae72e881') in 0.011888 seconds 
========================================================================
Received Import Request.
  Time since last request: 3.736519 seconds.
  path: Assets/Character Model/uploads_files_3484327_ninja_kid.fbx
  artifactKey: Guid(12bfab41f2f4d5a41931152a0a279da2) Importer(815301076,1909f56bfc062723c751e8b465ee728b)
Start importing Assets/Character Model/uploads_files_3484327_ninja_kid.fbx using Guid(12bfab41f2f4d5a41931152a0a279da2) Importer(815301076,1909f56bfc062723c751e8b465ee728b)  -> (artifact id: 'c66f22727cfa0f58c69d4d2dc608b098') in 0.475926 seconds 
========================================================================
Received Import Request.
  Time since last request: 0.986019 seconds.
  path: Assets/Character Model
  artifactKey: Guid(2b5662a1f408054428d0b6397d4f33b0) Importer(815301076,1909f56bfc062723c751e8b465ee728b)
Start importing Assets/Character Model using Guid(2b5662a1f408054428d0b6397d4f33b0) Importer(815301076,1909f56bfc062723c751e8b465ee728b)  -> (artifact id: '8047582258df8f68bd5691bd88773a44') in 0.001808 seconds 
========================================================================
Received Import Request.
  Time since last request: 11.121346 seconds.
  path: Assets/Character Model/uploads_files_3484327_cloth_B_Normal.tx
  artifactKey: Guid(67901f19f4475a14da5c792b5de9b303) Importer(815301076,1909f56bfc062723c751e8b465ee728b)
Start importing Assets/Character Model/uploads_files_3484327_cloth_B_Normal.tx using Guid(67901f19f4475a14da5c792b5de9b303) Importer(815301076,1909f56bfc062723c751e8b465ee728b)  -> (artifact id: 'ac6f7b3800d3bd7d3fb4b3788d8424e6') in 0.008822 seconds 
========================================================================
Received Import Request.
  Time since last request: 140.042852 seconds.
  path: Assets/Character Model/uploads_files_3484327_Studio+03.exr
  artifactKey: Guid(c2f4485197b1c1a4b914858cf083549d) Importer(815301076,1909f56bfc062723c751e8b465ee728b)
Start importing Assets/Character Model/uploads_files_3484327_Studio+03.exr using Guid(c2f4485197b1c1a4b914858cf083549d) Importer(815301076,1909f56bfc062723c751e8b465ee728b)  -> (artifact id: 'd258ffdc676c94962e137381c81238b7') in 0.018685 seconds 
========================================================================
Received Import Request.
  Time since last request: 5.885416 seconds.
  path: Assets/Character Model/uploads_files_3484327_workspace.mel
  artifactKey: Guid(67851c5000b59fb4cb92555a16a01358) Importer(815301076,1909f56bfc062723c751e8b465ee728b)
Start importing Assets/Character Model/uploads_files_3484327_workspace.mel using Guid(67851c5000b59fb4cb92555a16a01358) Importer(815301076,1909f56bfc062723c751e8b465ee728b)  -> (artifact id: 'a6d9667726c7ec3d18523fcf190eae33') in 0.007838 seconds 
========================================================================
Received Import Request.
  Time since last request: 46.006707 seconds.
  path: Assets/Character Model/uploads_files_3484327_cloth_B_BaseColor.tx
  artifactKey: Guid(bdcc70ed75374044cb86d81b8d55ca14) Importer(815301076,1909f56bfc062723c751e8b465ee728b)
Start importing Assets/Character Model/uploads_files_3484327_cloth_B_BaseColor.tx using Guid(bdcc70ed75374044cb86d81b8d55ca14) Importer(815301076,1909f56bfc062723c751e8b465ee728b)  -> (artifact id: '231b458f698ebb860d343302290c15c0') in 0.006494 seconds 
